[    0.000000] Initializing cgroup subsys cpuset
[    0.000000] Initializing cgroup subsys cpu
[    0.000000] Initializing cgroup subsys cpuacct
[    0.000000] Linux version 4.4.0-210-generic (buildd@lgw01-amd64-009) (gcc version 5.4.0 20160609 (Ubuntu 5.4.0-6ubuntu1~16.04.12) ) #242-Ubuntu SMP Fri Apr 16 09:57:56 UTC 2021 (Ubuntu 4.4.0-210.242-generic 4.4.262)
[    0.000000] Command line: BOOT_IMAGE=/boot/vmlinuz-4.4.0-210-generic root=LABEL=cloudimg-rootfs ro console=tty1 console=ttyS0
[    0.000000] KERNEL supported cpus:
[    0.000000]   Intel GenuineIntel
[    0.000000]   AMD AuthenticAMD
[    0.000000]   Centaur CentaurHauls
[    0.000000] x86/fpu: xstate_offset[2]:  576, xstate_sizes[2]:  256
[    0.000000] x86/fpu: Supporting XSAVE feature 0x01: 'x87 floating point registers'
[    0.000000] x86/fpu: Supporting XSAVE feature 0x02: 'SSE registers'
[    0.000000] x86/fpu: Supporting XSAVE feature 0x04: 'AVX registers'
[    0.000000] x86/fpu: Enabled xstate features 0x7, context size is 832 bytes, using 'standard' format.
[    0.000000] e820: BIOS-provided physical RAM map:
[    0.000000] BIOS-e820: [mem 0x0000000000000000-0x000000000009fbff] usable
[    0.000000] BIOS-e820: [mem 0x000000000009fc00-0x000000000009ffff] reserved
[    0.000000] BIOS-e820: [mem 0x00000000000f0000-0x00000000000fffff] reserved
[    0.000000] BIOS-e820: [mem 0x0000000000100000-0x00000000dffeffff] usable
[    0.000000] BIOS-e820: [mem 0x00000000dfff0000-0x00000000dfffffff] ACPI data
[    0.000000] BIOS-e820: [mem 0x00000000fec00000-0x00000000fec00fff] reserved
[    0.000000] BIOS-e820: [mem 0x00000000fee00000-0x00000000fee00fff] reserved
[    0.000000] BIOS-e820: [mem 0x00000000fffc0000-0x00000000ffffffff] reserved
[    0.000000] BIOS-e820: [mem 0x0000000100000000-0x00000002203fffff] usable
[    0.000000] NX (Execute Disable) protection: active
[    0.000000] SMBIOS 2.5 present.
[    0.000000] Hypervisor detected: KVM
[    0.000000] Kernel/User page tables isolation: disabled
[    0.000000] e820: last_pfn = 0x220400 max_arch_pfn = 0x400000000
[    0.000000] MTRR: Disabled
[    0.000000] x86/PAT: MTRRs disabled, skipping PAT initialization too.
[    0.000000] CPU MTRRs all blank - virtualized system.
[    0.000000] x86/PAT: Configuration [0-7]: WB  WT  UC- UC  WB  WT  UC- UC  
[    0.000000] e820: last_pfn = 0xdfff0 max_arch_pfn = 0x400000000
[    0.000000] found SMP MP-table at [mem 0x0009fff0-0x0009ffff] mapped at [ffff88000009fff0]
[    0.000000] Scanning 1 areas for low memory corruption
[    0.000000] RAMDISK: [mem 0x362dc000-0x37165fff]
[    0.000000] ACPI: Early table checksum verification disabled
[    0.000000] ACPI: RSDP 0x00000000000E0000 000024 (v02 VBOX  )
[    0.000000] ACPI: XSDT 0x00000000DFFF0030 00003C (v01 VBOX   VBOXXSDT 00000001 ASL  00000061)
[    0.000000] ACPI: FACP 0x00000000DFFF00F0 0000F4 (v04 VBOX   VBOXFACP 00000001 ASL  00000061)
[    0.000000] ACPI: DSDT 0x00000000DFFF0620 002353 (v02 VBOX   VBOXBIOS 00000002 INTL 20100528)
[    0.000000] ACPI: FACS 0x00000000DFFF0200 000040
[    0.000000] ACPI: FACS 0x00000000DFFF0200 000040
[    0.000000] ACPI: APIC 0x00000000DFFF0240 00006C (v02 VBOX   VBOXAPIC 00000001 ASL  00000061)
[    0.000000] ACPI: SSDT 0x00000000DFFF02B0 00036C (v01 VBOX   VBOXCPUT 00000002 INTL 20100528)
[    0.000000] No NUMA configuration found
[    0.000000] Faking a node at [mem 0x0000000000000000-0x00000002203fffff]
[    0.000000] NODE_DATA(0) allocated [mem 0x2203f5000-0x2203f9fff]
[    0.000000] kvm-clock: Using msrs 4b564d01 and 4b564d00
[    0.000000] kvm-clock: cpu 0, msr 2:203ed001, primary cpu clock
[    0.000000] kvm-clock: using sched offset of 2867867682 cycles
[    0.000000] clocksource: kvm-clock: mask: 0xffffffffffffffff max_cycles: 0x1cd42e4dffb, max_idle_ns: 881590591483 ns
[    0.000000] Section 67 and 68 (node 0) have a circular dependency on usemap and pgdat allocations
[    0.000000] Zone ranges:
[    0.000000]   DMA      [mem 0x0000000000001000-0x0000000000ffffff]
[    0.000000]   DMA32    [mem 0x0000000001000000-0x00000000ffffffff]
[    0.000000]   Normal   [mem 0x0000000100000000-0x00000002203fffff]
[    0.000000]   Device   empty
[    0.000000] Movable zone start for each node
[    0.000000] Early memory node ranges
[    0.000000]   node   0: [mem 0x0000000000001000-0x000000000009efff]
[    0.000000]   node   0: [mem 0x0000000000100000-0x00000000dffeffff]
[    0.000000]   node   0: [mem 0x0000000100000000-0x00000002203fffff]
[    0.000000] Initmem setup node 0 [mem 0x0000000000001000-0x00000002203fffff]
[    0.000000] ACPI: PM-Timer IO Port: 0x4008
[    0.000000] IOAPIC[0]: apic_id 4, version 32, address 0xfec00000, GSI 0-23
[    0.000000] ACPI: INT_SRC_OVR (bus 0 bus_irq 0 global_irq 2 dfl dfl)
[    0.000000] ACPI: INT_SRC_OVR (bus 0 bus_irq 9 global_irq 9 low level)
[    0.000000] Using ACPI (MADT) for SMP configuration information
[    0.000000] smpboot: Allowing 4 CPUs, 0 hotplug CPUs
[    0.000000] PM: Registered nosave memory: [mem 0x00000000-0x00000fff]
[    0.000000] PM: Registered nosave memory: [mem 0x0009f000-0x0009ffff]
[    0.000000] PM: Registered nosave memory: [mem 0x000a0000-0x000effff]
[    0.000000] PM: Registered nosave memory: [mem 0x000f0000-0x000fffff]
[    0.000000] PM: Registered nosave memory: [mem 0xdfff0000-0xdfffffff]
[    0.000000] PM: Registered nosave memory: [mem 0xe0000000-0xfebfffff]
[    0.000000] PM: Registered nosave memory: [mem 0xfec00000-0xfec00fff]
[    0.000000] PM: Registered nosave memory: [mem 0xfec01000-0xfedfffff]
[    0.000000] PM: Registered nosave memory: [mem 0xfee00000-0xfee00fff]
[    0.000000] PM: Registered nosave memory: [mem 0xfee01000-0xfffbffff]
[    0.000000] PM: Registered nosave memory: [mem 0xfffc0000-0xffffffff]
[    0.000000] e820: [mem 0xe0000000-0xfebfffff] available for PCI devices
[    0.000000] Booting paravirtualized kernel on KVM
[    0.000000] clocksource: refined-jiffies: mask: 0xffffffff max_cycles: 0xffffffff, max_idle_ns: 7645519600211568 ns
[    0.000000] setup_percpu: NR_CPUS:512 nr_cpumask_bits:512 nr_cpu_ids:4 nr_node_ids:1
[    0.000000] PERCPU: Embedded 33 pages/cpu @ffff880220000000 s95192 r8192 d31784 u524288
[    0.000000] Built 1 zonelists in Node order, mobility grouping on.  Total pages: 2065256
[    0.000000] Policy zone: Normal
[    0.000000] Kernel command line: BOOT_IMAGE=/boot/vmlinuz-4.4.0-210-generic root=LABEL=cloudimg-rootfs ro console=tty1 console=ttyS0
[    0.000000] PID hash table entries: 4096 (order: 3, 32768 bytes)
[    0.000000] Memory: 8158848K/8392248K available (8644K kernel code, 1332K rwdata, 4044K rodata, 1492K init, 1164K bss, 233400K reserved, 0K cma-reserved)
[    0.000000] SLUB: HWalign=64, Order=0-3, MinObjects=0, CPUs=4, Nodes=1
[    0.000000] Hierarchical RCU implementation.
[    0.000000] 	Build-time adjustment of leaf fanout to 64.
[    0.000000] 	RCU restricting CPUs from NR_CPUS=512 to nr_cpu_ids=4.
[    0.000000] RCU: Adjusting geometry for rcu_fanout_leaf=64, nr_cpu_ids=4
[    0.000000] NR_IRQS:33024 nr_irqs:456 16
[    0.000000] Console: colour VGA+ 80x25
[    0.000000] console [tty1] enabled
[    0.000000] console [ttyS0] enabled
[    0.000000] tsc: Detected 2918.396 MHz processor
[    0.219363] Calibrating delay loop (skipped) preset value.. 5836.79 BogoMIPS (lpj=11673584)
[    0.221627] pid_max: default: 32768 minimum: 301
[    0.222843] ACPI: Core revision 20150930
[    0.224539] ACPI: 2 ACPI AML tables successfully acquired and loaded
[    0.226169] Security Framework initialized
[    0.227431] Yama: becoming mindful.
[    0.228427] AppArmor: AppArmor initialized
[    0.229888] Dentry cache hash table entries: 1048576 (order: 11, 8388608 bytes)
[    0.232845] Inode-cache hash table entries: 524288 (order: 10, 4194304 bytes)
[    0.235023] Mount-cache hash table entries: 16384 (order: 5, 131072 bytes)
[    0.236533] Mountpoint-cache hash table entries: 16384 (order: 5, 131072 bytes)
[    0.238490] Initializing cgroup subsys io
[    0.239782] Initializing cgroup subsys memory
[    0.240934] Initializing cgroup subsys devices
[    0.242060] Initializing cgroup subsys freezer
[    0.243237] Initializing cgroup subsys net_cls
[    0.244378] Initializing cgroup subsys perf_event
[    0.245823] Initializing cgroup subsys net_prio
[    0.246886] Initializing cgroup subsys hugetlb
[    0.248107] Initializing cgroup subsys pids
[    0.252393] mce: CPU supports 0 MCE banks
[    0.253725] Last level iTLB entries: 4KB 0, 2MB 0, 4MB 0
[    0.254952] Last level dTLB entries: 4KB 0, 2MB 0, 4MB 0, 1GB 0
[    0.256271] Spectre V1 : Mitigation: usercopy/swapgs barriers and __user pointer sanitization
[    0.258466] Spectre V2 : Mitigation: Full generic retpoline
[    0.259734] Spectre V2 : Spectre v2 / SpectreRSB mitigation: Filling RSB on context switch
[    0.261723] Speculative Store Bypass: Vulnerable
[    0.267284] Freeing SMP alternatives memory: 36K
[    0.278120] ftrace: allocating 32380 entries in 127 pages
[    0.360754] smpboot: APIC(0) Converting physical 0 to logical package 0
[    0.362466] smpboot: Max logical packages: 1
[    0.363957] x2apic enabled
[    0.365075] Switched APIC routing to physical x2apic.
[    0.367674] ..TIMER: vector=0x30 apic1=0 pin1=2 apic2=-1 pin2=-1
[    0.477135] APIC calibration not consistent with PM-Timer: 101ms instead of 100ms
[    0.479236] APIC delta adjusted to PM-Timer: 6259180 (6326222)
[    0.480755] smpboot: CPU0: 12th Gen Intel(R) Core(TM) i9-12900H (family: 0x6, model: 0x9a, stepping: 0x3)
[    0.485462] Performance Events: unsupported p6 CPU model 154 no PMU driver, software events only.
[    0.499029] KVM setup paravirtual spinlock
[    0.501187] x86: Booting SMP configuration:
[    0.502256] .... node  #0, CPUs:      #1
[    0.503490] kvm-clock: cpu 1, msr 2:203ed041, secondary cpu clock
[    0.508025] mce: CPU supports 0 MCE banks
[    0.510713]  #2
[    0.514001] kvm-clock: cpu 2, msr 2:203ed081, secondary cpu clock
[    0.518665] mce: CPU supports 0 MCE banks
[    0.521724]  #3
[    0.522947] kvm-clock: cpu 3, msr 2:203ed0c1, secondary cpu clock
[    0.527422] mce: CPU supports 0 MCE banks
[    0.530078] x86: Booted up 1 node, 4 CPUs
[    0.531454] smpboot: Total of 4 processors activated (23347.16 BogoMIPS)
[    0.533445] devtmpfs: initialized
[    0.536041] evm: security.selinux
[    0.537144] evm: security.SMACK64
[    0.538058] evm: security.SMACK64EXEC
[    0.538984] evm: security.SMACK64TRANSMUTE
[    0.539994] evm: security.SMACK64MMAP
[    0.540912] evm: security.ima
[    0.541752] evm: security.capability
[    0.543082] clocksource: jiffies: mask: 0xffffffff max_cycles: 0xffffffff, max_idle_ns: 7645041785100000 ns
[    0.545329] futex hash table entries: 1024 (order: 4, 65536 bytes)
[    0.546944] pinctrl core: initialized pinctrl subsystem
[    0.548294] RTC time:  5:00:58, date: 04/04/23
[    0.549994] NET: Registered protocol family 16
[    0.564411] cpuidle: using governor ladder
[    0.579878] cpuidle: using governor menu
[    0.580949] PCCT header not found.
[    0.581910] ACPI: bus type PCI registered
[    0.582895] acpiphp: ACPI Hot Plug PCI Controller Driver version: 0.5
[    0.584384] PCI: Using configuration type 1 for base access
[    0.602340] ACPI: Added _OSI(Module Device)
[    0.603512] ACPI: Added _OSI(Processor Device)
[    0.604635] ACPI: Added _OSI(3.0 _SCP Extensions)
[    0.605648] ACPI: Added _OSI(Processor Aggregator Device)
[    0.606736] ACPI: Executed 1 blocks of module-level executable AML code
[    0.608914] ACPI: Interpreter enabled
[    0.609436] ACPI: (supports S0 S5)
[    0.609914] ACPI: Using IOAPIC for interrupt routing
[    0.610603] PCI: Using host bridge windows from ACPI; if necessary, use "pci=nocrs" and report a bug
[    0.613422] ACPI: PCI Root Bridge [PCI0] (domain 0000 [bus 00-ff])
[    0.614155] acpi PNP0A03:00: _OSC: OS supports [ASPM ClockPM Segments MSI]
[    0.628528] acpi PNP0A03:00: _OSC: not requesting OS control; OS requires [ExtendedConfig ASPM ClockPM MSI]
[    0.630944] acpi PNP0A03:00: fail to add MMCONFIG information, can't access extended PCI configuration space under this bridge.
[    0.634205] PCI host bridge to bus 0000:00
[    0.635383] pci_bus 0000:00: root bus resource [io  0x0000-0x0cf7 window]
[    0.637040] pci_bus 0000:00: root bus resource [io  0x0d00-0xffff window]
[    0.638694] pci_bus 0000:00: root bus resource [mem 0x000a0000-0x000bffff window]
[    0.640940] pci_bus 0000:00: root bus resource [mem 0xe0000000-0xfdffffff window]
[    0.643242] pci_bus 0000:00: root bus resource [bus 00-ff]
[    0.647087] pci 0000:00:01.1: legacy IDE quirk: reg 0x10: [io  0x01f0-0x01f7]
[    0.648756] pci 0000:00:01.1: legacy IDE quirk: reg 0x14: [io  0x03f6]
[    0.650202] pci 0000:00:01.1: legacy IDE quirk: reg 0x18: [io  0x0170-0x0177]
[    0.652283] pci 0000:00:01.1: legacy IDE quirk: reg 0x1c: [io  0x0376]
[    0.716750] pci 0000:00:07.0: quirk: [io  0x4000-0x403f] claimed by PIIX4 ACPI
[    0.718660] pci 0000:00:07.0: quirk: [io  0x4100-0x410f] claimed by PIIX4 SMB
[    0.761633] ACPI: PCI Interrupt Link [LNKA] (IRQs 5 9 10 *11)
[    0.763848] ACPI: PCI Interrupt Link [LNKB] (IRQs 5 9 *10 11)
[    0.765799] ACPI: PCI Interrupt Link [LNKC] (IRQs 5 *9 10 11)
[    0.767807] ACPI: PCI Interrupt Link [LNKD] (IRQs 5 9 10 *11)
[    0.769800] ACPI: Enabled 2 GPEs in block 00 to 07
[    0.771603] vgaarb: setting as boot device: PCI:0000:00:02.0
[    0.772831] vgaarb: device added: PCI:0000:00:02.0,decodes=io+mem,owns=io+mem,locks=none
[    0.774772] vgaarb: loaded
[    0.775562] vgaarb: bridge control possible 0000:00:02.0
[    0.776929] SCSI subsystem initialized
[    0.778204] ACPI: bus type USB registered
[    0.779325] usbcore: registered new interface driver usbfs
[    0.780559] usbcore: registered new interface driver hub
[    0.781789] usbcore: registered new device driver usb
[    0.783383] PCI: Using ACPI for IRQ routing
[    0.784791] NetLabel: Initializing
[    0.785764] NetLabel:  domain hash size = 128
[    0.786879] NetLabel:  protocols = UNLABELED CIPSOv4
[    0.788115] NetLabel:  unlabeled traffic allowed by default
[    0.789530] amd_nb: Cannot enumerate AMD northbridges
[    0.808150] clocksource: Switched to clocksource kvm-clock
[    0.813562] AppArmor: AppArmor Filesystem Enabled
[    0.814865] pnp: PnP ACPI init
[    0.816523] pnp: PnP ACPI: found 3 devices
[    0.827180] clocksource: acpi_pm: mask: 0xffffff max_cycles: 0xffffff, max_idle_ns: 2085701024 ns
[    0.829301] NET: Registered protocol family 2
[    0.830466] TCP established hash table entries: 65536 (order: 7, 524288 bytes)
[    0.831767] TCP bind hash table entries: 65536 (order: 8, 1048576 bytes)
[    0.832747] TCP: Hash tables configured (established 65536 bind 65536)
[    0.833621] UDP hash table entries: 4096 (order: 5, 131072 bytes)
[    0.834364] UDP-Lite hash table entries: 4096 (order: 5, 131072 bytes)
[    0.835156] NET: Registered protocol family 1
[    0.835716] pci 0000:00:00.0: Limiting direct PCI/PCI transfers
[    0.836428] pci 0000:00:01.0: Activating ISA DMA hang workarounds
[    0.837224] Unpacking initramfs...
[    1.000934] Freeing initrd memory: 14888K
[    1.003816] PCI-DMA: Using software bounce buffering for IO (SWIOTLB)
[    1.005373] software IO TLB: mapped [mem 0xdbff0000-0xdfff0000] (64MB)
[    1.007056] clocksource: tsc: mask: 0xffffffffffffffff max_cycles: 0x2a112528a16, max_idle_ns: 440795326311 ns
[    1.009663] platform rtc_cmos: registered platform RTC device (no PNP device found)
[    1.011655] Scanning for low memory corruption every 60 seconds
[    1.015129] audit: initializing netlink subsys (disabled)
[    1.016386] audit: type=2000 audit(1680584462.677:1): initialized
[    1.018032] Initialise system trusted keyring
[    1.021642] HugeTLB registered 2 MB page size, pre-allocated 0 pages
[    1.024616] zbud: loaded
[    1.025750] VFS: Disk quotas dquot_6.6.0
[    1.027326] VFS: Dquot-cache hash table entries: 512 (order 0, 4096 bytes)
[    1.028995] squashfs: version 4.0 (2009/01/31) Phillip Lougher
[    1.030624] fuse init (API version 7.23)
[    1.031836] Key type big_key registered
[    1.033209] Allocating IMA MOK and blacklist keyrings.
[    1.036287] Key type asymmetric registered
[    1.037348] Asymmetric key parser 'x509' registered
[    1.038584] Block layer SCSI generic (bsg) driver version 0.4 loaded (major 249)
[    1.040554] io scheduler noop registered
[    1.041633] io scheduler deadline registered (default)
[    1.042979] io scheduler cfq registered
[    1.043994] pci_hotplug: PCI Hot Plug PCI Core version: 0.5
[    1.045317] pciehp: PCI Express Hot Plug Controller Driver version: 0.4
[    1.047193] ACPI: AC Adapter [AC] (on-line)
[    1.048317] input: Power Button as /devices/LNXSYSTM:00/LNXPWRBN:00/input/input0
[    1.050158] ACPI: Power Button [PWRF]
[    1.051353] input: Sleep Button as /devices/LNXSYSTM:00/LNXSLPBN:00/input/input1
[    1.053323] ACPI: Sleep Button [SLPF]
[    1.054801] GHES: HEST is not enabled!
[    1.056171] ACPI: Battery Slot [BAT0] (battery present)
[    1.057740] Serial: 8250/16550 driver, 32 ports, IRQ sharing enabled
[    1.080391] 00:02: ttyS0 at I/O 0x3f8 (irq = 4, base_baud = 115200) is a 16550A
[    1.084418] Linux agpgart interface v0.103
[    1.088295] loop: module loaded
[    1.089800] scsi host0: ata_piix
[    1.091268] scsi host1: ata_piix
[    1.092189] ata1: PATA max UDMA/33 cmd 0x1f0 ctl 0x3f6 bmdma 0xd000 irq 14
[    1.093927] ata2: PATA max UDMA/33 cmd 0x170 ctl 0x376 bmdma 0xd008 irq 15
[    1.095568] libphy: Fixed MDIO Bus: probed
[    1.096573] tun: Universal TUN/TAP device driver, 1.6
[    1.097770] tun: (C) 1999-2004 Max Krasnyansky <maxk@qualcomm.com>
[    1.099540] PPP generic driver version 2.4.2
[    1.100901] ehci_hcd: USB 2.0 'Enhanced' Host Controller (EHCI) Driver
[    1.102484] ehci-pci: EHCI PCI platform driver
[    1.103597] ehci-platform: EHCI generic platform driver
[    1.104840] ohci_hcd: USB 1.1 'Open' Host Controller (OHCI) Driver
[    1.106466] ohci-pci: OHCI PCI platform driver
[    1.107574] ohci-platform: OHCI generic platform driver
[    1.108865] uhci_hcd: USB Universal Host Controller Interface driver
[    1.110343] i8042: PNP: PS/2 Controller [PNP0303:PS2K,PNP0f03:PS2M] at 0x60,0x64 irq 1,12
[    1.113067] serio: i8042 KBD port at 0x60,0x64 irq 1
[    1.114238] serio: i8042 AUX port at 0x60,0x64 irq 12
[    1.115720] mousedev: PS/2 mouse device common for all mice
[    1.117566] input: AT Translated Set 2 keyboard as /devices/platform/i8042/serio0/input/input2
[    1.120008] rtc_cmos rtc_cmos: rtc core: registered rtc_cmos as rtc0
[    1.121552] rtc_cmos rtc_cmos: alarms up to one day, 114 bytes nvram
[    1.123034] i2c /dev entries driver
[    1.124154] device-mapper: uevent: version 1.0.3
[    1.125455] device-mapper: ioctl: 4.34.0-ioctl (2015-10-28) initialised: dm-devel@redhat.com
[    1.127586] ledtrig-cpu: registered to indicate activity on CPUs
[    1.129546] NET: Registered protocol family 10
[    1.130835] NET: Registered protocol family 17
[    1.131982] Key type dns_resolver registered
[    1.133360] registered taskstats version 1
[    1.134536] Loading compiled-in X.509 certificates
[    1.136177] Loaded X.509 cert 'Build time autogenerated kernel key: cf00e047681d67edb2720680708b7d9498083038'
[    1.138661] zswap: loaded using pool lzo/zbud
[    1.141961] Key type trusted registered
[    1.145202] Key type encrypted registered
[    1.146311] AppArmor: AppArmor sha1 policy hashing enabled
[    1.147598] ima: No TPM chip found, activating TPM-bypass!
[    1.149212] ima: Allocated hash algorithm: sha1
[    1.150335] evm: HMAC attrs: 0x1
[    1.151709]   Magic number: 3:775:10
[    1.152646] memory memory54: hash matches
[    1.153874] rtc_cmos rtc_cmos: setting system clock to 2023-04-04 05:00:59 UTC (1680584459)
[    1.156097] BIOS EDD facility v0.16 2004-Jun-25, 0 devices found
[    1.157430] EDD information not available.
[    1.279631] Freeing unused kernel memory: 1492K
[    1.280447] Write protecting the kernel read-only data: 14336k
[    1.282382] Freeing unused kernel memory: 1584K
[    1.283902] Freeing unused kernel memory: 52K
Loading, please wait...
starting version 229
[    1.334278] random: systemd-udevd: uninitialized urandom read (16 bytes read, 3 bits of entropy available)
[    1.336978] random: systemd-udevd: uninitialized urandom read (16 bytes read, 3 bits of entropy available)
[    1.337968] random: udevadm: uninitialized urandom read (16 bytes read, 3 bits of entropy available)
[    1.337984] random: udevadm: uninitialized urandom read (16 bytes read, 3 bits of entropy available)
[    1.343763] random: udevadm: uninitialized urandom read (16 bytes read, 3 bits of entropy available)
[    1.343794] random: udevadm: uninitialized urandom read (16 bytes read, 3 bits of entropy available)
[    1.343947] random: udevadm: uninitialized urandom read (16 bytes read, 3 bits of entropy available)
[    1.343980] random: udevadm: uninitialized urandom read (16 bytes read, 3 bits of entropy available)
[    1.344017] random: udevadm: uninitialized urandom read (16 bytes read, 3 bits of entropy available)
[    1.344047] random: udevadm: uninitialized urandom read (16 bytes read, 3 bits of entropy available)
[    1.384367] e1000: Intel(R) PRO/1000 Network Driver - version 7.3.21-k8-NAPI
[    1.386154] e1000: Copyright (c) 1999-2006 Intel Corporation.
[    1.392007] Fusion MPT base driver 3.04.20
[    1.393176] Copyright (c) 1999-2008 LSI Corporation
[    1.398306] Fusion MPT SPI Host driver 3.04.20
[    1.399690] AVX2 version of gcm_enc/dec engaged.
[    1.400829] AES CTR mode by8 optimization enabled
[    1.599524] input: ImExPS/2 Generic Explorer Mouse as /devices/platform/i8042/serio1/input/input4
[    2.118445] e1000 0000:00:03.0 eth0: (PCI:33MHz:32-bit) 02:be:82:6b:cc:1d
[    2.120187] e1000 0000:00:03.0 eth0: Intel(R) PRO/1000 Network Connection
[    2.122892] mptbase: ioc0: Initiating bringup
[    2.424447] ioc0: LSI53C1030 A0: Capabilities={Initiator}
[    4.173474] scsi host2: ioc0: LSI53C1030 A0, FwRev=00000000h, Ports=1, MaxQ=256, IRQ=20
[    5.172290] scsi 2:0:0:0: Direct-Access     VBOX     HARDDISK         1.0  PQ: 0 ANSI: 5
[    5.174369] scsi target2:0:0: Beginning Domain Validation
[    5.176264] scsi target2:0:0: Domain Validation skipping write tests
[    5.177008] scsi target2:0:0: Ending Domain Validation
[    5.177753] scsi target2:0:0: asynchronous
[    5.178559] scsi 2:0:1:0: Direct-Access     VBOX     HARDDISK         1.0  PQ: 0 ANSI: 5
[    5.179558] scsi target2:0:1: Beginning Domain Validation
[    5.180610] scsi target2:0:1: Domain Validation skipping write tests
[    5.181334] scsi target2:0:1: Ending Domain Validation
[    5.181925] scsi target2:0:1: asynchronous
[    5.186615] sd 2:0:0:0: [sda] 83886080 512-byte logical blocks: (42.9 GB/40.0 GiB)
[    5.186660] sd 2:0:0:0: Attached scsi generic sg0 type 0
[    5.186853] sd 2:0:1:0: Attached scsi generic sg1 type 0
[    5.186954] sd 2:0:1:0: [sdb] 20480 512-byte logical blocks: (10.5 MB/10.0 MiB)
[    5.187004] sd 2:0:1:0: [sdb] Write Protect is off
[    5.187037] sd 2:0:1:0: [sdb] Incomplete mode parameter data
[    5.187038] sd 2:0:1:0: [sdb] Assuming drive cache: write through
[    5.189274] sd 2:0:1:0: [sdb] Attached SCSI disk
[    5.193266] sd 2:0:0:0: [sda] Write Protect is off
[    5.193959] sd 2:0:0:0: [sda] Incomplete mode parameter data
[    5.194669] sd 2:0:0:0: [sda] Assuming drive cache: write through
[    5.196127]  sda: sda1
[    5.196829] sd 2:0:0:0: [sda] Attached SCSI disk
[    5.622532] e1000 0000:00:08.0 eth1: (PCI:33MHz:32-bit) 08:00:27:31:c3:2a
[    5.624481] e1000 0000:00:08.0 eth1: Intel(R) PRO/1000 Network Connection
[    5.629885] e1000 0000:00:08.0 enp0s8: renamed from eth1
[    5.642797] e1000 0000:00:03.0 enp0s3: renamed from eth0
Begin: Loading essential drivers ... [    7.032441] md: linear personality registered for level -1
[    7.036505] md: multipath personality registered for level -4
[    7.040656] md: raid0 personality registered for level 0
[    7.044091] md: raid1 personality registered for level 1
[    7.114118] raid6: sse2x1   gen() 23640 MB/s
[    7.182247] raid6: sse2x1   xor() 14095 MB/s
[    7.250670] raid6: sse2x2   gen() 14797 MB/s
[    7.318155] raid6: sse2x2   xor() 10292 MB/s
[    7.386351] raid6: sse2x4   gen() 18366 MB/s
[    7.454622] raid6: sse2x4   xor()  9794 MB/s
[    7.522334] raid6: avx2x1   gen() 15738 MB/s
[    7.590632] raid6: avx2x2   gen() 20638 MB/s
[    7.658596] raid6: avx2x4   gen() 37684 MB/s
[    7.659318] raid6: using algorithm avx2x4 gen() 37684 MB/s
[    7.659980] raid6: using avx2x2 recovery algorithm
[    7.663120] xor: automatically using best checksumming function:
[    7.706047]    avx       : 10307.000 MB/sec
[    7.723069] async_tx: api initialized (async)
[    7.747931] md: raid6 personality registered for level 6
[    7.748828] md: raid5 personality registered for level 5
[    7.749747] md: raid4 personality registered for level 4
[    7.764528] md: raid10 personality registered for level 10
done.
Begin: Running /scripts/init-premount ... done.
Begin: Mounting root file system ... Begin: Running /scripts/local-top ... done.
Begin: Running /scripts/local-premount ... [    7.862360] Btrfs loaded
Scanning for Btrfs filesystems
done.
Warning: fsck not present, so skipping root file system
[    7.896108] EXT4-fs (sda1): mounted filesystem with ordered data mode. Opts: (null)
done.
Begin: Running /scripts/local-bottom ... done.
Begin: Running /scripts/init-bottom ... done.
[    7.969082] systemd[1]: systemd 229 running in system mode. (+PAM +AUDIT +SELINUX +IMA +APPARMOR +SMACK +SYSVINIT +UTMP +LIBCRYPTSETUP +GCRYPT +GNUTLS +ACL +XZ -LZ4 +SECCOMP +BLKID +ELFUTILS +KMOD -IDN)
[    7.973046] systemd[1]: Detected virtualization oracle.
[    7.974258] systemd[1]: Detected architecture x86-64.

Welcome to [1mUbuntu 16.04.7 LTS[0m!

[    7.977522] systemd[1]: Set hostname to <ubuntu>.
[    7.979676] systemd[1]: Initializing machine ID from random generator.
[    7.981145] systemd[1]: Installed transient /etc/machine-id file.
[    8.159399] systemd[1]: Listening on /dev/initctl Compatibility Named Pipe.
[[0;32m  OK  [0m] Listening on /dev/initctl Compatibility Named Pipe.
[    8.160765] systemd[1]: Listening on Journal Socket.
[[0;32m  OK  [0m] Listening on Journal Socket.
[    8.161836] systemd[1]: Created slice System Slice.
[[0;32m  OK  [0m] Created slice System Slice.
[    8.162808] systemd[1]: Listening on LVM2 poll daemon socket.
[[0;32m  OK  [0m] Listening on LVM2 poll daemon socket.
[    8.163876] systemd[1]: Listening on LVM2 metadata daemon socket.
[[0;32m  OK  [0m] Listening on LVM2 metadata daemon socket.
[    8.170673] systemd[1]: Reached target User and Group Name Lookups.
[[0;32m  OK  [0m] Reached target User and Group Name Lookups.
[    8.172058] systemd[1]: Created slice User and Session Slice.
[[0;32m  OK  [0m] Created slice User and Session Slice.
[    8.178499] systemd[1]: Reached target Swap.
[[0;32m  OK  [0m] Reached target Swap.
[    9.027923] systemd[1]: Starting Create list of required static device nodes for the current kernel...
         Starting Create list of required st... nodes for the current kernel...
[    9.031923] systemd[1]: Starting Uncomplicated firewall...
         Starting Uncomplicated firewall...
[    9.034381] systemd[1]: Listening on Device-mapper event daemon FIFOs.
[[0;32m  OK  [0m] Listening on Device-mapper event daemon FIFOs.
[    9.037518] systemd[1]: Listening on Syslog Socket.
[[0;32m  OK  [0m] Listening on Syslog Socket.
[    9.040021] systemd[1]: Starting Monitoring of LVM2 mirrors, snapshots etc. using dmeventd or progress polling...
         Starting Monitoring of LVM2 mirrors... dmeventd or progress polling...
[    9.043809] systemd[1]: Listening on Journal Socket (/dev/log).
[[0;32m  OK  [0m] Listening on Journal Socket (/dev/log).
[    9.046385] systemd[1]: Started Forward Password Requests to Wall Directory Watch.
[[0;32m  OK  [0m] Started Forward Password Requests to Wall Directory Watch.
[    9.049673] systemd[1]: Reached target Slices.
[[0;32m  OK  [0m] Reached target Slices.
[    9.051668] systemd[1]: Reached target Encrypted Volumes.
[[0;32m  OK  [0m] Reached target Encrypted Volumes.
[    9.054411] systemd[1]: Listening on Journal Audit Socket.
[[0;32m  OK  [0m] Listening on Journal Audit Socket.
[    9.066181] systemd[1]: Mounting POSIX Message Queue File System...
         Mounting POSIX Message Queue File System...
[    9.068993] systemd[1]: Listening on udev Kernel Socket.
[[0;32m  OK  [0m] Listening on udev Kernel Socket.
[    9.071135] systemd[1]: Listening on udev Control Socket.
[[0;32m  OK  [0m] Listening on udev Control Socket.
[    9.073612] systemd[1]: Created slice system-serial\x2dgetty.slice.
[[0;32m  OK  [0m] Created slice system-serial\x2dgetty.slice.
[    9.076710] systemd[1]: Starting Set console keymap...
         Starting Set console keymap...
[    9.080229] systemd[1]: Starting Load Kernel Modules...
         Starting Load Kernel Modules...
[    9.081797] systemd[1]: Set up automount Arbitrary Executable File Formats File System Automount Point.
[[0;32m  OK  [0m] Set up automount Arbitrary Executab...ats File System Automount Point.
[    9.085187] systemd[1]: Starting Journal Service...
         Starting Journal Service...
[    9.086753] Loading iSCSI transport class v2.0-870.
[    9.086892] systemd[1]: Mounting Huge Pages File System...
         Mounting Huge Pages File System...
[    9.091188] systemd[1]: Started Trigger resolvconf update for networkd DNS.
[[0;32m  OK  [0m] Started Trigger resolvconf update for networkd DNS.
[    9.093876] systemd[1]: Listening on fsck to fsckd communication Socket.
[[0;32m  OK  [0m] Listening on fsck to fsckd communication Socket.
[    9.097285] systemd[1]: Starting File System Check on Root Device...
         Starting File System Check on Root Device...
[    9.100421] systemd[1]: Reached target System Time Synchronized.
[[0;32m  OK  [0m] Reached target System Time Synchronized.
[    9.127082] systemd[1]: Mounting Debug File System...
         Mounting Debug File System...
[    9.129293] iscsi: registered transport (tcp)
[    9.130802] systemd[1]: Starting Nameserver information manager...
         Starting Nameserver information manager...
[    9.134768] systemd[1]: Mounted Huge Pages File System.
[[0;32m  OK  [0m] Mounted Huge Pages File System.
[    9.137312] systemd[1]: Mounted POSIX Message Queue File System.
[[0;32m  OK  [0m] Mounted POSIX Message Queue File System.
[    9.140118] systemd[1]: Mounted Debug File System.
[[0;32m  OK  [0m] Mounted Debug File System.
[    9.142239] systemd[1]: Started Journal Service.
[[0;32m  OK  [0m] Started Journal Service.
[[0;32m  OK  [0m] Started Create list of required sta...ce nodes for the current kernel.
[[0;32m  OK  [0m] Started Uncomplicated firewall.
[[0;32m  OK  [0m] Started Set console keymap.
[[0;32m  OK  [0m] Started File System Check on Root Device.
[    9.167221] iscsi: registered transport (iser)
[[0;32m  OK  [0m] Started Load Kernel Modules.
[[0;32m  OK  [0m] Started Nameserver information manager.
[[0;32m  OK  [0m] Started File System Check Daemon to report status.
[[0;32m  OK  [0m] Started LVM2 metadata daemon.
         Starting Apply Kernel Variables...
         Mounting FUSE Control File System...
         Starting Remount Root and Kernel File Systems...
         Starting Create Static Device Nodes in /dev...
[[0;32m  OK  [0m] Mounted FUSE Control File System.
[    9.185293] EXT4-fs (sda1): re-mounted. Opts: (null)
[[0;32m  OK  [0m] Started Apply Kernel Variables.
[[0;32m  OK  [0m] Started Remount Root and Kernel File Systems.
         Starting Load/Save Random Seed...
         Starting Flush Journal to Persistent Storage...
         Starting udev Coldplug all Devices...
[[0;32m  OK  [0m] Started Load/Save Random Seed.
[[0;32m  OK  [0m] Started Create Static Device Nodes in /dev.
         Starting udev Kernel Device Manager...
[[0;32m  OK  [0m] Started udev Kernel Device Manager.
[[0;32m  OK  [0m] Started Flush Journal to Persistent Storage.
[[0;32m  OK  [0m] Started udev Coldplug all Devices.
[[0;32m  OK  [0m] Started Dispatch Password Requests to Console Directory Watch.
[[0;32m  OK  [0m] Found device /dev/ttyS0.
[[0;32m  OK  [0m] Listening on Load/Save RF Kill Switch Status /dev/rfkill Watch.
[[0;32m  OK  [0m] Started Monitoring of LVM2 mirrors,...ng dmeventd or progress polling.
[[0;32m  OK  [0m] Reached target Local File Systems (Pre).
[[0;32m  OK  [0m] Reached target Local File Systems.
         Starting Tell Plymouth To Write Out Runtime Data...
         Starting Initial cloud-init job (pre-networking)...
         Starting Create Volatile Files and Directories...
         Starting Set console font and keymap...
         Starting Commit a transient machine-id on disk...
         Starting LSB: AppArmor initialization...
[[0;32m  OK  [0m] Started Tell Plymouth To Write Out Runtime Data.
[[0;32m  OK  [0m] Started Create Volatile Files and Directories.
[[0;32m  OK  [0m] Started Commit a transient machine-id on disk.
         Starting Update UTMP about System Boot/Shutdown...
[[0;32m  OK  [0m] Started Update UTMP about System Boot/Shutdown.
[[0;32m  OK  [0m] Started Set console font and keymap.
[[0;32m  OK  [0m] Created slice system-getty.slice.
[[0;32m  OK  [0m] Started LSB: AppArmor initialization.
         Starting Load AppArmor profiles managed internally by snapd...
[[0;32m  OK  [0m] Started Load AppArmor profiles managed internally by snapd.
[   10.223998] cloud-init[645]: Cloud-init v. 21.1-19-gbad84ad4-0ubuntu1~16.04.2 running 'init-local' at Tue, 04 Apr 2023 05:01:08 +0000. Up 9.99 seconds.
[[0;32m  OK  [0m] Started Initial cloud-init job (pre-networking).
[[0;32m  OK  [0m] Reached target Network (Pre).
         Starting Raise network interfaces...
[[0;32m  OK  [0m] Started Raise network interfaces.
[[0;32m  OK  [0m] Reached target Network.
         Starting Initial cloud-init job (metadata service crawler)...
[   10.742620] cloud-init[991]: Cloud-init v. 21.1-19-gbad84ad4-0ubuntu1~16.04.2 running 'init' at Tue, 04 Apr 2023 05:01:09 +0000. Up 10.51 seconds.
[   10.743604] cloud-init[991]: ci-info: ++++++++++++++++++++++++++++++++++++++Net device info+++++++++++++++++++++++++++++++++++++++
[   10.744524] cloud-init[991]: ci-info: +--------+-------+----------------------------+---------------+--------+-------------------+
[   10.745420] cloud-init[991]: ci-info: | Device |   Up  |          Address           |      Mask     | Scope  |     Hw-Address    |
[   10.746258] cloud-init[991]: ci-info: +--------+-------+----------------------------+---------------+--------+-------------------+
[   10.747145] cloud-init[991]: ci-info: | enp0s3 |  True |         10.0.2.15          | 255.255.255.0 | global | 02:be:82:6b:cc:1d |
[   10.748028] cloud-init[991]: ci-info: | enp0s3 |  True | fe80::be:82ff:fe6b:cc1d/64 |       .       |  link  | 02:be:82:6b:cc:1d |
[   10.752297] cloud-init[991]: ci-info: | enp0s8 | False |             .              |       .       |   .    | 08:00:27:31:c3:2a |
[   10.756438] cloud-init[991]: ci-info: |   lo   |  True |         127.0.0.1          |   255.0.0.0   |  host  |         .         |
[   10.760624] cloud-init[991]: ci-info: |   lo   |  True |          ::1/128           |       .       |  host  |         .         |
[   10.764576] cloud-init[991]: ci-info: +--------+-------+----------------------------+---------------+--------+-------------------+
[   10.770378] cloud-init[991]: ci-info: +++++++++++++++++++++++++++Route IPv4 info++++++++++++++++++++++++++++
[   10.771510] cloud-init[991]: ci-info: +-------+-------------+----------+---------------+-----------+-------+
[   10.772218] cloud-init[991]: ci-info: | Route | Destination | Gateway  |    Genmask    | Interface | Flags |
[   10.773063] cloud-init[991]: ci-info: +-------+-------------+----------+---------------+-----------+-------+
[   10.773814] cloud-init[991]: ci-info: |   0   |   0.0.0.0   | 10.0.2.2 |    0.0.0.0    |   enp0s3  |   UG  |
[   10.774595] cloud-init[991]: ci-info: |   1   |   10.0.2.0  | 0.0.0.0  | 255.255.255.0 |   enp0s3  |   U   |
[   10.775282] cloud-init[991]: ci-info: +-------+-------------+----------+---------------+-----------+-------+
[   10.781031] cloud-init[991]: ci-info: +++++++++++++++++++Route IPv6 info+++++++++++++++++++
[   10.781679] cloud-init[991]: ci-info: +-------+-------------+---------+-----------+-------+
[   10.788762] [cloud-init[0;32m  OK  [0m[991]: ] ci-info: | Route | Destination | Gateway | Interface | Flags |Started Initial cloud-init job (metadata service crawler).

[   10.788906] cloud-init[991]: ci-info: +-------+-------------+---------+-----------+-------+
[   10.790396] cloud-init[[991]: [0;32m  OK  [0mci-info: |   0   |  fe80::/64  |    ::   |   enp0s3  |   U   |] 
Reached target System Initialization.
[[   10.790524] [0;32m  OK  [0mcloud-init] [991]: Listening on D-Bus System Message Bus Socket.ci-info: |   3   |   ff00::/8  |    ::   |   enp0s3  |   U   |

[[0;32m  OK  [0m[   10.791647] ] cloud-initStarted Ubuntu Advantage update messaging.[991]: 
ci-info: +-------+-------------+---------+-----------+-------+
[   10.793120] cloud-init[[991]: [0;32m  OK  [0mGenerating public/private rsa key pair.] 
Listening on UUID daemon activation socket.
[   10.793238] cloud-init[[991]: [0;32m  OK  [0mYour identification has been saved in /etc/ssh/ssh_host_rsa_key.] 
Started Daily Cleanup of Temporary Directories.
[   10.793673] cloud-init[991]: Your public key has been saved in /etc/ssh/ssh_host_rsa_key.pub.
         Starting Socket activation for snappy daemon.[   10.793898] 
cloud-init[991]: The key fingerprint is:
[   10.795601] [cloud-init[0;32m  OK  [0m[991]: ] SHA256:iW7bdc82WrNLLw+I3XS+T+qEJu1XVnX3WlJaDlLJBhA root@ubuntu-xenialStarted ACPI Events Check.

[[0;32m  OK  [0m] Reached target Paths.
[[0;32m  OK  [0m] Started Daily apt download activities.
[[0;32m  OK  [0m] Started Daily apt upgrade and clean activities.
[[0;32m  OK  [0m] Listening on ACPID Listen Socket.
[[0;32m  OK  [0m] Started Message of the Day.
[[0;32m  OK  [0m] Reached target Timers.
[   10.795718] cloud-init[991]: The key's randomart image is:
[   10.802971] cloud-init[991]: +---[RSA 2048]----+
[   10.804407]          cloud-initStarting LXD - unix socket.[991]: 
|          Eo.+.. |
[   10.805595] cloud-init[991]: |            . = *|
[   10.806404] cloud-init[991]: |             o *=|
[   10.807202] cloud-init[991]: |       . .    o =|
[   10.832377] [cloud-init[991]: |      . S     .+o|
[0;32m  OK  [0m] Reached target Cloud-config availability.[   10.836223] 
cloud-init[991]: |     .     + =.oo|
[[0;32m  OK  [0m] [   10.836647] Reached target Network is Online.cloud-init
[991]: |      o   + B Boo|
[   10.838716] cloud-init[991]: |     . o . = *=B.|
[   10.839547] cloud-init[991]: |      . .   o=B*=|
[   10.848960] cloud-init[991]: +----[SHA256]-----+
[   10.856188]          cloud-initStarting iSCSI initiator daemon (iscsid)...[991]: 
Generating public/private dsa key pair.
[   10.857046] [cloud-init[0;32m  OK  [0m[991]: ] Your identification has been saved in /etc/ssh/ssh_host_dsa_key.Listening on Socket activation for snappy daemon.

[[   10.857226] [0;32m  OK  [0mcloud-init] [991]: Listening on LXD - unix socket.Your public key has been saved in /etc/ssh/ssh_host_dsa_key.pub.

[   10.858867] cloud-init[991]: The key fingerprint is:
[   10.859335] [cloud-init[0;32m  OK  [0m[991]: ] SHA256:bDByVtaqt545/RTtjReBUROvK68hG0IikU/tBPaxYVI root@ubuntu-xenialReached target Sockets.

[[   10.859428] [0;32m  OK  [0mcloud-init] [991]: Reached target Basic System.The key's randomart image is:

[   10.860947] cloud-init[991]: +---[DSA 1024]----+
[   10.861326]          cloud-initStarting LSB: MD monitoring daemon...[991]: 
|      +.E.   ..+.|
[   10.862040]          cloud-initStarting /etc/rc.local Compatibility...[991]: 
|     o O +.   o o|
[   10.863153]          cloud-initStarting LXD - container startup/shutdown...[991]: 
|    + * =.   . ..|
[   10.864993] cloud-init[991]: |     B *.    . ..|
[   10.866077] cloud-init[991]: |    . o.S   . o. |
[   10.867043] cloud-init[991]: |     ..+.    o +.|
         Starting Virtualbox guest utils...
[   10.868230] cloud-init         Starting Accounts Service...
[[0;32m  OK  [0m] Started Deferred execution scheduler.
[[0;32m  OK  [0m] Started D-Bus System Message Bus.
[991]: |       ..oo + + o|
[   10.872041] cloud-init[991]: |        o+.= + . |
[   10.873734] cloud-init[991]: |       .+...o..  |
[   10.875238] cloud-init[991]: +----[SHA256]-----+
[   10.878616] cloud-init[991]: Generating public/private ecdsa key pair.
[   10.880813] cloud-init[991]: Your identification has been saved in /etc/ssh/ssh_host_ecdsa_key.
[   10.882774] cloud-init[991]: Your public key has been saved in /etc/ssh/ssh_host_ecdsa_key.pub.
[   10.884679] cloud-init[991]: The key fingerprint is:
[   10.886474] cloud-init[991]: SHA256:lo2EZacIVwihv+Z4S9aP0L8+tnDKHUM32qDjqw/rJIw root@ubuntu-xenial
[   10.888243] cloud-init[991]: The key's randomart image is:
[   10.889222] cloud-init[991]: +---[ECDSA 256]---+
[   10.890135] cloud-init[991]: |    +o.o+ .      |
[   10.891048] cloud-init[991]: |   . o.= o       |
[   10.892055] cloud-init[991]: |  .   o o        |
[   10.892955] cloud-init[991]: |   .   . +       |
[   10.893998] cloud-init[991]: |    .   S +      |
[   10.894829] cloud-init[991]: | o   + + = .     |
[   10.895737] cloud-init[991]: |E o O * = .      |
[   10.896580] cloud-init[991]: |   O.* Xoo       |
[   10.897496] cloud-init[991]: |  .o*+B+B+       |
[   10.898596] cloud-init[991]: +----[SHA256]-----+
[   10.899547] cloud-init[991]: Generating public/private ed25519 key pair.
[   10.900758] cloud-init[991]: Your identification has been saved in /etc/ssh/ssh_host_ed25519_key.
[   10.902196] cloud-init[991]: Your public key has been saved in /etc/ssh/ssh_host_ed25519_key.pub.
[   10.903684] cloud-init[991]: The key fingerprint is:
[   10.904608] cloud-init[991]: SHA256:+tCNbTKeAzTfYnfiuIr3+1M9Fds2VeMaTHZpXZPOb5Q root@ubuntu-xenial
[   10.906179] cloud-init[991]: The key's randomart image is:
[   10.907110] cloud-init[991]: +--[ED25519 256]--+
[   10.935365] cloud-init[991]: |             o +O|
[   10.936561] cloud-init[991]: |            + o==|
[   10.937589] cloud-init[991]: |             o+.*|
[   10.938398] cloud-init[991]: |      o       oE=|
[   10.939185] cloud-init[991]: |     . oS.   o +o|
[   10.940123] cloud-init[991]: |      .o+++ o o o|
[   10.940940] cloud-init[991]: |      oo==++   o |
[   10.941825] cloud-init[991]: |     ..+o=o      |
[   10.942683] cloud-init[991]: |    ...oB=..     |
[   10.943542] cloud-init[991]: +----[SHA256]-----+
         Starting Snap Daemon...
[[0;32m  OK  [0m] Started ACPI event daemon.
         Starting LSB: Record successful boot for GRUB...
[[0;32m  OK  [0m] Started FUSE filesystem for LXC.
         Starting Pollinate to seed the pseudo random number generator...
[[0;32m  OK  [0m] Started Regular background program processing daemon.
         Starting Login Service...
         Starting System Logging Service...
[[0;32m  OK  [0m] Started /etc/rc.local Compatibility.
[[0;32m  OK  [0m] Started LXD - container startup/shutdown.
[[0;32m  OK  [0m] Started iSCSI initiator daemon (iscsid).
[[0;32m  OK  [0m] Started System Logging Service.
         Starting Authenticate and Authorize Users to Run Privileged Tasks...
         Starting Login to default iSCSI targets...
[[0;32m  OK  [0m] Started Login Service.
[[0;32m  OK  [0m] Started Unattended Upgrades Shutdown.
[[0;32m  OK  [0m] Started Virtualbox guest utils.
[[0;32m  OK  [0m] Started LSB: Record successful boot for GRUB.
[[0;32m  OK  [0m] Started LSB: MD monitoring daemon.
[[0;32m  OK  [0m] Started Login to default iSCSI targets.
[[0;32m  OK  [0m] Started Authenticate and Authorize Users to Run Privileged Tasks.
[[0;32m  OK  [0m] Reached target Remote File Systems (Pre).
[[0;32m  OK  [0m] Reached target Remote File Systems.
         Starting LSB: daemon to balance interrupts for SMP systems...
         Starting LSB: automatic crash report generation...
         Starting Permit User Sessions...
         Starting LSB: Set the CPU Frequency Scaling governor to "ondemand"...
[[0;32m  OK  [0m] Started Permit User Sessions.
[[0;32m  OK  [0m] Started Accounts Service.
         Starting Terminate Plymouth Boot Screen...
         Starting Hold until boot process finishes up...
[[0;32m  OK  [0m] Started Hold until boot process finishes up.
[[0;32m  OK  [0m] Started Serial Getty on ttyS0.
[[0;32m  OK  [0m] Started Getty on tty1.
[[0;32m  OK  [0m] Reached target Login Prompts.
         Starting Set console scheme...
[[0;32m  OK  [0m] Started Terminate Plymouth Boot Screen.
[[0;32m  OK  [0m] Started Set console scheme.
[[0;32m  OK  [0m] Started LSB: daemon to balance interrupts for SMP systems.
[[0;32m  OK  [0m] Started LSB: Set the CPU Frequency Scaling governor to "ondemand".
[[0;32m  OK  [0m] Started LSB: automatic crash report generation.
[[0;32m  OK  [0m] Started Snap Daemon.
         Starting Wait until snapd is fully seeded...
[[0;32m  OK  [0m] Started Pollinate to seed the pseudo random number generator.
         Starting OpenBSD Secure Shell server...
[[0;32m  OK  [0m] Started OpenBSD Secure Shell server.
[[0;32m  OK  [0m] Created slice User Slice of vagrant.
         Starting User Manager for UID 1000...
[[0;32m  OK  [0m] Started Session 1 of user vagrant.
[[0;32m  OK  [0m] Started User Manager for UID 1000.
[[0;32m  OK  [0m] Started Wait until snapd is fully seeded.
         Starting Apply the settings specified in cloud-config...
[[0;32m  OK  [0m] Reached target Multi-User System.
[[0;32m  OK  [0m] Reached target Graphical Interface.
         Starting Update UTMP about System Runlevel Changes...
[[0;32m  OK  [0m] Started Update UTMP about System Runlevel Changes.
[   13.034091] cloud-init[1338]: Generating locales (this might take a while)...
[   13.474640] cloud-init[1338]:   en_US.UTF-8... done
[   13.476080] cloud-init[1338]: Generation complete.
[   13.640726] cloud-init[1338]: Cloud-init v. 21.1-19-gbad84ad4-0ubuntu1~16.04.2 running 'modules:config' at Tue, 04 Apr 2023 05:01:11 +0000. Up 12.93 seconds.
[[0;32m  OK  [0m] Started Apply the settings specified in cloud-config.
         Starting Execute cloud user/final scripts...
ci-info: no authorized SSH keys fingerprints found for user ubuntu.
<14>Apr  4 05:01:12 ec2: 
<14>Apr  4 05:01:12 ec2: #############################################################
<14>Apr  4 05:01:12 ec2: -----BEGIN SSH HOST KEY FINGERPRINTS-----
<14>Apr  4 05:01:12 ec2: 1024 SHA256:bDByVtaqt545/RTtjReBUROvK68hG0IikU/tBPaxYVI root@ubuntu-xenial (DSA)
<14>Apr  4 05:01:12 ec2: 256 SHA256:lo2EZacIVwihv+Z4S9aP0L8+tnDKHUM32qDjqw/rJIw root@ubuntu-xenial (ECDSA)
<14>Apr  4 05:01:12 ec2: 256 SHA256:+tCNbTKeAzTfYnfiuIr3+1M9Fds2VeMaTHZpXZPOb5Q root@ubuntu-xenial (ED25519)
<14>Apr  4 05:01:12 ec2: 2048 SHA256:iW7bdc82WrNLLw+I3XS+T+qEJu1XVnX3WlJaDlLJBhA root@ubuntu-xenial (RSA)
<14>Apr  4 05:01:12 ec2: -----END SSH HOST KEY FINGERPRINTS-----
<14>Apr  4 05:01:12 ec2: #############################################################
-----BEGIN SSH HOST KEY KEYS-----
ecdsa-sha2-nistp256 AAAAE2VjZHNhLXNoYTItbmlzdHAyNTYAAAAIbmlzdHAyNTYAAABBBIX37/wgyfqvtblmWuD/ou8bjNqrC31ScoC6UdKzVDzx4RVUsrTDEJzVNJ1yxtyXdLrnqTQGRI3OkZM8plI9NoY= root@ubuntu-xenial
ssh-ed25519 AAAAC3NzaC1lZDI1NTE5AAAAIOxGfB0QYduYRF4Td8BNikmhyYrV/UJ6zyJF+5jUW9Mk root@ubuntu-xenial
ssh-rsa AAAAB3NzaC1yc2EAAAADAQABAAABAQDSKvwDmy14zvQZGQDp5UtWCNZ3oj6ZxwbfUa3+yPhHwHr1qQsr6d32WwTxsx3RuLb1wlV/ySjs4phbGn9UFQCIff9M3B62MGu/nwy5J+SWM0wcN/jzQySCIxmFLMvHUBTve8RRgIcj3qIWMr0itY5dYQs408fcrxoFu4Xf5pHj+RDJgyFon1GusoQIZ02mphKVJMW96Fu5CcneeqPK1JY5h/TQgTiFwfEa7UrY410HW2V4Ycq3y61gvoCj8ARcvDrLDcGcKPIymrbp3uzvMCU3OYrnOhgT1RC0Z12zw+shqrCBjGWrOlIQfL3y8GrRUktSGQyO/sLyiHgf6h4/CJFl root@ubuntu-xenial
-----END SSH HOST KEY KEYS-----
[   13.928146] cloud-init[1431]: Cloud-init v. 21.1-19-gbad84ad4-0ubuntu1~16.04.2 running 'modules:final' at Tue, 04 Apr 2023 05:01:12 +0000. Up 13.81 seconds.
[   13.935303] cloud-init[1431]: ci-info: no authorized SSH keys fingerprints found for user ubuntu.
[   13.937013] cloud-init[1431]: Cloud-init v. 21.1-19-gbad84ad4-0ubuntu1~16.04.2 finished at Tue, 04 Apr 2023 05:01:12 +0000. Datasource DataSourceNoCloud [seed=/dev/sdb][dsmode=net].  Up 13.92 seconds
[[0;32m  OK  [0m] Started Execute cloud user/final scripts.
[[0;32m  OK  [0m] Reached target Cloud-init target.

Ubuntu 16.04.7 LTS ubuntu-xenial ttyS0

ubuntu-xenial login: 